2024-10-22 10:10:52,861 INFO [background-preinit] org.hibernate.validator.internal.util.Version: HV000001: Hibernate Validator 8.0.1.Final
2024-10-22 10:10:52,910 INFO [restartedMain] org.springframework.boot.StartupInfoLogger: Starting StudentManageApplication using Java 21.0.4 with PID 8772 (C:\Users\slaye\IdeaProjects\StudentApp\target\classes started by slaye in C:\Users\slaye\IdeaProjects\StudentApp)
2024-10-22 10:10:52,912 DEBUG [restartedMain] org.springframework.boot.StartupInfoLogger: Running with Spring Boot v3.3.4, Spring v6.1.13
2024-10-22 10:10:52,913 INFO [restartedMain] org.springframework.boot.SpringApplication: No active profile set, falling back to 1 default profile: "default"
2024-10-22 10:10:52,983 INFO [restartedMain] org.springframework.boot.logging.DeferredLog: Devtools property defaults active! Set 'spring.devtools.add-properties' to 'false' to disable
2024-10-22 10:10:52,983 INFO [restartedMain] org.springframework.boot.logging.DeferredLog: For additional web related logging consider setting the 'logging.level.web' property to 'DEBUG'
2024-10-22 10:10:54,077 INFO [restartedMain] org.springframework.data.repository.config.RepositoryConfigurationDelegate: Multiple Spring Data modules found, entering strict repository configuration mode
2024-10-22 10:10:54,079 INFO [restartedMain] org.springframework.data.repository.config.RepositoryConfigurationDelegate: Bootstrapping Spring Data JPA repositories in DEFAULT mode.
2024-10-22 10:10:54,270 INFO [restartedMain] org.springframework.data.repository.config.RepositoryConfigurationDelegate: Finished Spring Data repository scanning in 171 ms. Found 3 JPA repository interfaces.
2024-10-22 10:10:54,298 INFO [restartedMain] org.springframework.data.repository.config.RepositoryConfigurationDelegate: Multiple Spring Data modules found, entering strict repository configuration mode
2024-10-22 10:10:54,300 INFO [restartedMain] org.springframework.data.repository.config.RepositoryConfigurationDelegate: Bootstrapping Spring Data Redis repositories in DEFAULT mode.
2024-10-22 10:10:54,322 INFO [restartedMain] org.springframework.data.repository.config.RepositoryConfigurationExtensionSupport: Spring Data Redis - Could not safely identify store assignment for repository candidate interface com.kienlong.api.studentservice.repo.RefreshTokenRepository; If you want this repository to be a Redis repository, consider annotating your entities with one of these annotations: org.springframework.data.redis.core.RedisHash (preferred), or consider extending one of the following types with your repository: org.springframework.data.keyvalue.repository.KeyValueRepository
2024-10-22 10:10:54,324 INFO [restartedMain] org.springframework.data.repository.config.RepositoryConfigurationExtensionSupport: Spring Data Redis - Could not safely identify store assignment for repository candidate interface com.kienlong.api.studentservice.repo.StudentRepository; If you want this repository to be a Redis repository, consider annotating your entities with one of these annotations: org.springframework.data.redis.core.RedisHash (preferred), or consider extending one of the following types with your repository: org.springframework.data.keyvalue.repository.KeyValueRepository
2024-10-22 10:10:54,325 INFO [restartedMain] org.springframework.data.repository.config.RepositoryConfigurationExtensionSupport: Spring Data Redis - Could not safely identify store assignment for repository candidate interface com.kienlong.api.studentservice.repo.UserRepository; If you want this repository to be a Redis repository, consider annotating your entities with one of these annotations: org.springframework.data.redis.core.RedisHash (preferred), or consider extending one of the following types with your repository: org.springframework.data.keyvalue.repository.KeyValueRepository
2024-10-22 10:10:54,325 INFO [restartedMain] org.springframework.data.repository.config.RepositoryConfigurationDelegate: Finished Spring Data repository scanning in 11 ms. Found 0 Redis repository interfaces.
2024-10-22 10:10:55,309 INFO [restartedMain] org.springframework.boot.web.embedded.tomcat.TomcatWebServer: Tomcat initialized with port 8080 (http)
2024-10-22 10:10:55,320 INFO [restartedMain] org.apache.juli.logging.DirectJDKLog: Initializing ProtocolHandler ["http-nio-8080"]
2024-10-22 10:10:55,325 INFO [restartedMain] org.apache.juli.logging.DirectJDKLog: Starting service [Tomcat]
2024-10-22 10:10:55,326 INFO [restartedMain] org.apache.juli.logging.DirectJDKLog: Starting Servlet engine: [Apache Tomcat/10.1.30]
2024-10-22 10:10:55,391 INFO [restartedMain] org.apache.juli.logging.DirectJDKLog: Initializing Spring embedded WebApplicationContext
2024-10-22 10:10:55,392 INFO [restartedMain] org.springframework.boot.web.servlet.context.ServletWebServerApplicationContext: Root WebApplicationContext: initialization completed in 2408 ms
2024-10-22 10:10:55,609 INFO [restartedMain] org.hibernate.jpa.internal.util.LogHelper: HHH000204: Processing PersistenceUnitInfo [name: default]
2024-10-22 10:10:55,679 INFO [restartedMain] org.hibernate.Version: HHH000412: Hibernate ORM core version 6.5.3.Final
2024-10-22 10:10:55,720 INFO [restartedMain] org.hibernate.cache.internal.RegionFactoryInitiator: HHH000026: Second-level cache disabled
2024-10-22 10:10:56,057 INFO [restartedMain] org.springframework.orm.jpa.persistenceunit.SpringPersistenceUnitInfo: No LoadTimeWeaver setup: ignoring JPA class transformer
2024-10-22 10:10:56,089 INFO [restartedMain] com.zaxxer.hikari.HikariDataSource: HikariPool-1 - Starting...
2024-10-22 10:10:56,478 INFO [restartedMain] com.zaxxer.hikari.pool.HikariPool: HikariPool-1 - Added connection com.mysql.cj.jdbc.ConnectionImpl@176953c1
2024-10-22 10:10:56,480 INFO [restartedMain] com.zaxxer.hikari.HikariDataSource: HikariPool-1 - Start completed.
2024-10-22 10:10:57,889 INFO [restartedMain] org.hibernate.engine.transaction.jta.platform.internal.JtaPlatformInitiator: HHH000489: No JTA platform available (set 'hibernate.transaction.jta.platform' to enable JTA platform integration)
2024-10-22 10:10:57,967 INFO [restartedMain] org.springframework.orm.jpa.AbstractEntityManagerFactoryBean: Initialized JPA EntityManagerFactory for persistence unit 'default'
2024-10-22 10:10:58,530 DEBUG [restartedMain] org.springframework.web.filter.GenericFilterBean: Filter 'jwtTokenFilter' configured for use
2024-10-22 10:10:58,530 DEBUG [restartedMain] org.springframework.web.filter.GenericFilterBean: Filter 'customAccessLogFilter' configured for use
2024-10-22 10:10:58,657 INFO [restartedMain] org.springframework.data.jpa.repository.query.QueryEnhancerFactory: Hibernate is in classpath; If applicable, HQL parser will be used.
2024-10-22 10:10:59,239 INFO [restartedMain] org.springframework.security.config.annotation.authentication.configuration.InitializeAuthenticationProviderBeanManagerConfigurer$InitializeAuthenticationProviderManagerConfigurer: Global AuthenticationManager configured with AuthenticationProvider bean with name authenticationProvider
2024-10-22 10:10:59,241 WARN [restartedMain] org.springframework.security.config.annotation.authentication.configuration.InitializeUserDetailsBeanManagerConfigurer$InitializeUserDetailsManagerConfigurer: Global AuthenticationManager configured with an AuthenticationProvider bean. UserDetailsService beans will not be used for username/password login. Consider removing the AuthenticationProvider bean. Alternatively, consider using the UserDetailsService in a manually instantiated DaoAuthenticationProvider.
2024-10-22 10:11:00,529 INFO [restartedMain] org.springframework.boot.devtools.autoconfigure.OptionalLiveReloadServer: LiveReload server is running on port 35729
2024-10-22 10:11:00,554 INFO [restartedMain] org.apache.juli.logging.DirectJDKLog: Starting ProtocolHandler ["http-nio-8080"]
2024-10-22 10:11:00,573 INFO [restartedMain] org.springframework.boot.web.embedded.tomcat.TomcatWebServer: Tomcat started on port 8080 (http) with context path '/'
2024-10-22 10:11:00,587 INFO [restartedMain] org.springframework.boot.StartupInfoLogger: Started StudentManageApplication in 8.227 seconds (process running for 9.745)
2024-10-22 10:11:05,657 INFO [scheduling-1] com.kienlong.api.studentservice.security.RefreshTokenRemovalScheduledTask: Expired refresh tokens removed: 0
2024-10-22 10:12:28,994 INFO [SpringApplicationShutdownHook] org.springframework.orm.jpa.AbstractEntityManagerFactoryBean: Closing JPA EntityManagerFactory for persistence unit 'default'
2024-10-22 10:12:28,998 INFO [SpringApplicationShutdownHook] com.zaxxer.hikari.HikariDataSource: HikariPool-1 - Shutdown initiated...
2024-10-22 10:12:29,004 INFO [SpringApplicationShutdownHook] com.zaxxer.hikari.HikariDataSource: HikariPool-1 - Shutdown completed.
2024-10-22 10:13:37,877 INFO [background-preinit] org.hibernate.validator.internal.util.Version: HV000001: Hibernate Validator 8.0.1.Final
2024-10-22 10:13:37,942 INFO [restartedMain] org.springframework.boot.StartupInfoLogger: Starting StudentManageApplication using Java 21.0.4 with PID 10464 (C:\Users\slaye\IdeaProjects\StudentApp\target\classes started by slaye in C:\Users\slaye\IdeaProjects\StudentApp)
2024-10-22 10:13:37,943 DEBUG [restartedMain] org.springframework.boot.StartupInfoLogger: Running with Spring Boot v3.3.4, Spring v6.1.13
2024-10-22 10:13:37,945 INFO [restartedMain] org.springframework.boot.SpringApplication: No active profile set, falling back to 1 default profile: "default"
2024-10-22 10:13:38,020 INFO [restartedMain] org.springframework.boot.logging.DeferredLog: Devtools property defaults active! Set 'spring.devtools.add-properties' to 'false' to disable
2024-10-22 10:13:38,021 INFO [restartedMain] org.springframework.boot.logging.DeferredLog: For additional web related logging consider setting the 'logging.level.web' property to 'DEBUG'
2024-10-22 10:13:39,131 INFO [restartedMain] org.springframework.data.repository.config.RepositoryConfigurationDelegate: Multiple Spring Data modules found, entering strict repository configuration mode
2024-10-22 10:13:39,133 INFO [restartedMain] org.springframework.data.repository.config.RepositoryConfigurationDelegate: Bootstrapping Spring Data JPA repositories in DEFAULT mode.
2024-10-22 10:13:39,313 INFO [restartedMain] org.springframework.data.repository.config.RepositoryConfigurationDelegate: Finished Spring Data repository scanning in 172 ms. Found 3 JPA repository interfaces.
2024-10-22 10:13:39,332 INFO [restartedMain] org.springframework.data.repository.config.RepositoryConfigurationDelegate: Multiple Spring Data modules found, entering strict repository configuration mode
2024-10-22 10:13:39,334 INFO [restartedMain] org.springframework.data.repository.config.RepositoryConfigurationDelegate: Bootstrapping Spring Data Redis repositories in DEFAULT mode.
2024-10-22 10:13:39,358 INFO [restartedMain] org.springframework.data.repository.config.RepositoryConfigurationExtensionSupport: Spring Data Redis - Could not safely identify store assignment for repository candidate interface com.kienlong.api.studentservice.repo.RefreshTokenRepository; If you want this repository to be a Redis repository, consider annotating your entities with one of these annotations: org.springframework.data.redis.core.RedisHash (preferred), or consider extending one of the following types with your repository: org.springframework.data.keyvalue.repository.KeyValueRepository
2024-10-22 10:13:39,361 INFO [restartedMain] org.springframework.data.repository.config.RepositoryConfigurationExtensionSupport: Spring Data Redis - Could not safely identify store assignment for repository candidate interface com.kienlong.api.studentservice.repo.StudentRepository; If you want this repository to be a Redis repository, consider annotating your entities with one of these annotations: org.springframework.data.redis.core.RedisHash (preferred), or consider extending one of the following types with your repository: org.springframework.data.keyvalue.repository.KeyValueRepository
2024-10-22 10:13:39,361 INFO [restartedMain] org.springframework.data.repository.config.RepositoryConfigurationExtensionSupport: Spring Data Redis - Could not safely identify store assignment for repository candidate interface com.kienlong.api.studentservice.repo.UserRepository; If you want this repository to be a Redis repository, consider annotating your entities with one of these annotations: org.springframework.data.redis.core.RedisHash (preferred), or consider extending one of the following types with your repository: org.springframework.data.keyvalue.repository.KeyValueRepository
2024-10-22 10:13:39,362 INFO [restartedMain] org.springframework.data.repository.config.RepositoryConfigurationDelegate: Finished Spring Data repository scanning in 14 ms. Found 0 Redis repository interfaces.
2024-10-22 10:13:40,358 INFO [restartedMain] org.springframework.boot.web.embedded.tomcat.TomcatWebServer: Tomcat initialized with port 8080 (http)
2024-10-22 10:13:40,370 INFO [restartedMain] org.apache.juli.logging.DirectJDKLog: Initializing ProtocolHandler ["http-nio-8080"]
2024-10-22 10:13:40,374 INFO [restartedMain] org.apache.juli.logging.DirectJDKLog: Starting service [Tomcat]
2024-10-22 10:13:40,374 INFO [restartedMain] org.apache.juli.logging.DirectJDKLog: Starting Servlet engine: [Apache Tomcat/10.1.30]
2024-10-22 10:13:40,441 INFO [restartedMain] org.apache.juli.logging.DirectJDKLog: Initializing Spring embedded WebApplicationContext
2024-10-22 10:13:40,442 INFO [restartedMain] org.springframework.boot.web.servlet.context.ServletWebServerApplicationContext: Root WebApplicationContext: initialization completed in 2419 ms
2024-10-22 10:13:40,636 INFO [restartedMain] org.hibernate.jpa.internal.util.LogHelper: HHH000204: Processing PersistenceUnitInfo [name: default]
2024-10-22 10:13:40,695 INFO [restartedMain] org.hibernate.Version: HHH000412: Hibernate ORM core version 6.5.3.Final
2024-10-22 10:13:40,737 INFO [restartedMain] org.hibernate.cache.internal.RegionFactoryInitiator: HHH000026: Second-level cache disabled
2024-10-22 10:13:41,067 INFO [restartedMain] org.springframework.orm.jpa.persistenceunit.SpringPersistenceUnitInfo: No LoadTimeWeaver setup: ignoring JPA class transformer
2024-10-22 10:13:41,099 INFO [restartedMain] com.zaxxer.hikari.HikariDataSource: HikariPool-1 - Starting...
2024-10-22 10:13:41,525 INFO [restartedMain] com.zaxxer.hikari.pool.HikariPool: HikariPool-1 - Added connection com.mysql.cj.jdbc.ConnectionImpl@a0a73a0
2024-10-22 10:13:41,527 INFO [restartedMain] com.zaxxer.hikari.HikariDataSource: HikariPool-1 - Start completed.
2024-10-22 10:13:42,931 INFO [restartedMain] org.hibernate.engine.transaction.jta.platform.internal.JtaPlatformInitiator: HHH000489: No JTA platform available (set 'hibernate.transaction.jta.platform' to enable JTA platform integration)
2024-10-22 10:13:43,051 INFO [restartedMain] org.springframework.orm.jpa.AbstractEntityManagerFactoryBean: Initialized JPA EntityManagerFactory for persistence unit 'default'
2024-10-22 10:13:43,681 DEBUG [restartedMain] org.springframework.web.filter.GenericFilterBean: Filter 'jwtTokenFilter' configured for use
2024-10-22 10:13:43,682 DEBUG [restartedMain] org.springframework.web.filter.GenericFilterBean: Filter 'customAccessLogFilter' configured for use
2024-10-22 10:13:43,800 INFO [restartedMain] org.springframework.data.jpa.repository.query.QueryEnhancerFactory: Hibernate is in classpath; If applicable, HQL parser will be used.
2024-10-22 10:13:44,307 INFO [restartedMain] org.springframework.security.config.annotation.authentication.configuration.InitializeAuthenticationProviderBeanManagerConfigurer$InitializeAuthenticationProviderManagerConfigurer: Global AuthenticationManager configured with AuthenticationProvider bean with name authenticationProvider
2024-10-22 10:13:44,308 WARN [restartedMain] org.springframework.security.config.annotation.authentication.configuration.InitializeUserDetailsBeanManagerConfigurer$InitializeUserDetailsManagerConfigurer: Global AuthenticationManager configured with an AuthenticationProvider bean. UserDetailsService beans will not be used for username/password login. Consider removing the AuthenticationProvider bean. Alternatively, consider using the UserDetailsService in a manually instantiated DaoAuthenticationProvider.
2024-10-22 10:13:45,380 INFO [restartedMain] org.springframework.boot.devtools.autoconfigure.OptionalLiveReloadServer: LiveReload server is running on port 35729
2024-10-22 10:13:45,405 INFO [restartedMain] org.apache.juli.logging.DirectJDKLog: Starting ProtocolHandler ["http-nio-8080"]
2024-10-22 10:13:45,424 INFO [restartedMain] org.springframework.boot.web.embedded.tomcat.TomcatWebServer: Tomcat started on port 8080 (http) with context path '/'
2024-10-22 10:13:45,437 INFO [restartedMain] org.springframework.boot.StartupInfoLogger: Started StudentManageApplication in 8.175 seconds (process running for 9.727)
2024-10-22 10:13:50,510 INFO [scheduling-1] com.kienlong.api.studentservice.security.RefreshTokenRemovalScheduledTask: Expired refresh tokens removed: 0
2024-10-22 10:14:18,872 INFO [SpringApplicationShutdownHook] org.springframework.orm.jpa.AbstractEntityManagerFactoryBean: Closing JPA EntityManagerFactory for persistence unit 'default'
2024-10-22 10:14:18,877 INFO [SpringApplicationShutdownHook] com.zaxxer.hikari.HikariDataSource: HikariPool-1 - Shutdown initiated...
2024-10-22 10:14:18,884 INFO [SpringApplicationShutdownHook] com.zaxxer.hikari.HikariDataSource: HikariPool-1 - Shutdown completed.
